Material EngineMaterials.FogVolumeMaterial 
Material EngineResources.M_StreamingPause 
Material EditorMaterials.Utilities.ImageReflectionPreview 
Material Engine.Default__Material 
DecalMaterial Engine.Default__DecalMaterial 
Material EditorLandscapeResources.LandscapeGizmo_Mat 
Material EditorLandscapeResources.LandscapeGizmoHeight_Mat 
Material EditorLandscapeResources.LandscapeGizmoHeight_UnderMat 
Material EditorMaterials.Cascade.CASC_BackgroundCube_MAT 
Material EngineMaterials.DefaultMaterial 
Material EngineMaterials.DefaultParticle 
Material masterMaterials.Generic_CS_N 
Material masterMaterials.WeaponMaster 
Material NodeBuddies.Materials.NodeBuddy_Red1 
Material NodeBuddies.Materials.NodeBuddy_Target 
Material NodeBuddies.Materials.NodeBuddy_Text1 
Material NodeBuddies.Materials.NodeBuddy_Text2 
Material NodeBuddies.Materials.NodeBuddy_White1 
Material TXFXBlood.Materials.blood_droplet 
Material TXFXBlood.Materials.lerpBlood 
Material TXFXdust.Materials.dustCloudA 
Material TXFXSparks.Materials.SparksA 
Material AtlasMaterials.TransparentColor 
Material EngineMaterials.DefaultHiddenShadowMaterial 
Material EngineMaterials.Helmet 
Material EngineMaterials.Face 
Material SMPHTerritoryControl.Materials.TC_GhostMaterialMaster_IntersectionVisibilityTwoSided 
Material EditorMaterials.Spawner_Mat 
Material HousingTestJuni.Materials.houseConstructionVisionMat 
Material EditorMaterials.PhAT_JointLimitMaterial 
DecalMaterial masterMaterials.Materials.DecalMasterAdditive 
DecalMaterial TXFXBlood.DecalMaterials.bloodDecal 
DecalMaterial TXFXDecals.Impact.Demonic 
Material EngineDebugMaterials.BlackUnlitMaterial 
Material FXDeathEffects.Materials.Fire 
Material FXEXFire.Materials.bonfiremat 
Material fxexgodrays.Materials.priestVortexMaterialA 
Material FXEXSarducaa.Materials.TornadoMaster 
Material FXEXSnow.Materials.snowflakeMatA 
Material FXEXWeather.Materials.CloudMaster 
Material FXPXGenericPE.Materials.CloseEyes 
Material FXPXGenericPE.Materials.EagleEyeMat 
Material FXPXGenericPE.Materials.ghostEffect 
Material FXPXGenericPE.Materials.ghostEffectManifested 
Material FXPXGenericPE.Materials.UnderwaterEffect 
Material FXPXHiteffects.Materials.bloodE 
Material FXPXHiteffects.Materials.bloodEMasked 
Material FXPXHiteffects.Materials.bloodEModular 
Material FXPXHiteffects.Materials.damageRotator 
Material FXPXHiteffects.Materials.HitBloodSeptember 
Material FXPXHiteffects.Materials.hiteffectA 
Material FXPXHiteffects.Materials.OnScreenBloodMaster 
Material FXPXHiteffects.Materials.SeeingStarsMaster 
Material fxspcure.Materials.CureWindMaterial 
Material FXSPEbolt.Materials.LightningMaster 
Material FXSPHeihachiShockwave.Materials.heihachiDistMaster 
Material FXSPMagicArrow.Materials.spurtWaterA 
Material FXSPMagicArrow.Materials.spurtWaterB 
Material FXSPNecroSmoke.Materials.sheepSkullsA 
Material FXSPPrecasts.Materials.EyeWallMaster 
Material FXSPPrecasts.Materials.PrecastMasterA 
Material FXSPPrecasts.Materials.PrecastMasterC 
Material FXSPResurrect.Materials.ResurrectBeamMaster 
Material FXWoodCuttingSkill.Textures.Splinter_Mat 
Material masterMaterials.Alpha_CSA_SSS_NofadeAlpha 
Material masterMaterials.DistortionMaster 
Material masterMaterials.Generic_C_S_N_E_Refl 
Material masterMaterials.Generic_C_S_N_Refl 
Material masterMaterials.Generic_CS 
Material masterMaterials.Generic_CS_N_DetailNormal 
Material masterMaterials.Generic_CS_N_Refl_DoubleSided 
Material masterMaterials.Generic_Translucent_E 
Material masterMaterials.genericGlass 
Material masterMaterials.GhostMaster 
Material masterMaterials.Materials.RunningWaterMaster 
Material masterMaterials.PlainColoredMat 
Material masterMaterials.PortalMaster 
Material masterMaterials.simpleParticleMaterialA 
Material masterMaterials.simpleParticleMaterialAdditive 
Material masterMaterials.SmokeMaster 
Material masterMaterials.subUVPmaterial 
Material masterMaterials.TerainMasterDetailTexMacroMask 
Material masterMaterialsTwo.Alpha_CSA_Masked 
Material masterMaterialsTwo.Alpha_CSA_N_Masked 
Material masterMaterialsTwo.ArmorMasterNew 
Material masterMaterialsTwo.character_C_S_N_SSSNew 
Material masterMaterialsTwo.characterHead_C_S_N_SSSNew 
Material masterMaterialsTwo.Generic_C_S_N_ReflSpecial 
Material masterMaterialsTwo.Generic_C_S_N_ReflSpecial_Fresnel 
Material masterMaterialsTwo.Materials.ArchetectureMaster 
Material masterMaterialsTwo.Materials.ArchetectureMasterTwoSided 
Material masterMaterialsTwo.Materials.EmmisiveGlass 
Material masterMaterialsTwo.Materials.FlagMaster 
Material SMAILootBag.Materials.LootBagMaterial 
Material SMPHTerritoryControl.Materials.TC_GhostMaterialMaster 
Material SMPHTerritoryControl.Materials.TC_GhostMaterialMaster_IntersectionVisibility 
Material SMTSHelperMeshes.Materials.HelperMeshMaterial 
Material SMTSWalls.Materials.MetalWallMaster 
Material SMWPTorches.Materials.ParticleTorchLightMasterA 
Material TXAOArmors2013.Materials.ArmorMaster2013 
Material TXAPPotion.Materials.potionLiquidA 
Material TXCHCharacters2013.Materials.CharacterMaster 
Material TXCHCharacters2013.Materials.HairBeardMaster 
Material txcrdemons.Materials.MegaDemonMaster 
Material TXCRGenericHorse.Materials.GenericHorseEyeMaterial 
Material TXCRGenericHorse.Materials.GenericHorseHairMaterial 
Material TXCRGenericHorse.Materials.HorseMaster 
Material TXCRLykiator.Materials.LykiatorMaster 
Material txcrrockgolems.Materials.RockGolemMatA 
Material TXEXWeather.Materials.multidrop 
Material TXEXWeather.Materials.multiSnow 
Material TXFXWater.Materials.waterFogA 
Material TXFXWater.Materials.waterSplashMeshMaterial 
Material TXSPbless.Materials.simpleMaterial 
Material TXWPAlphaSword.Materials.TestLongSwordA 
Material TXWPHalberd.Materials.HalberdA 
Material EngineMaterials.Arms 
Material EngineMaterials.BlinkingCaret 
Material EngineMaterials.Body 
Material EngineMaterials.Cape 
Material EngineMaterials.CubeMaterial 
Material EngineMaterials.DefaultDecalMaterial 
Material EngineMaterials.EditorBrushMaterial 
Material EngineMaterials.EmissiveTexturedMaterial 
Material EngineMaterials.Hair 
Material EngineMaterials.PPVolumeMaterial 
Material EngineMaterials.RemoveSurfaceMaterial 
Material EngineMaterials.ScreenMaterial 
Material EngineDebugMaterials.WireframeMaterial 
Material EngineDebugMaterials.LevelColorationLitMaterial 
Material EngineDebugMaterials.LevelColorationUnlitMaterial 
Material EngineDebugMaterials.MAT_LevelColorationLitLightmapUVs 
Material EngineDebugMaterials.ShadedLevelColorationLitMaterial 
Material EngineDebugMaterials.ShadedLevelColorationUnlitMaterial 
Material EngineDebugMaterials.VertexColorMaterial 
Material EngineDebugMaterials.MaterialError_Mat 
DecalMaterial masterMaterials.Materials.DecalMasterModulate 
Material FXEXFire.Materials.FireMaster 
Material FXEXFlies.Materials.flyA 
Material FXEXFlies.Materials.LightBugsMaster 
Material FXEXWater.Materials.waterCharacterCreationMaster 
Material FXEXWaterfall.Materials.waterfallSplashWaterA 
Material masterMaterials.creature_C_S_E_N_SSS_Refl 
Material masterMaterials.effect_fakelit_CS_A_Masked 
Material masterMaterials.Generic_C_S_N_Refl_Detail 
Material masterMaterials.Generic_CS_N_DoubleSided 
Material masterMaterials.Materials.FogMasterB 
Material masterMaterials.SpeedTreeMasterLOD 
Material masterMaterials.SpeedTreeMasterMatA 
Material masterMaterials.SpeedTreeMasterMatA_ExtraSpec 
Material masterMaterials.SpeedTreeMasterMatA_TS 
Material masterMaterials.SpeedTreeMasterMatA_TS_Cheap 
Material masterMaterials.SpeedTreeMasterMatA_TS_ExtraSpec 
Material masterMaterials.WaterfallMasterMatB 
Material masterMaterialsTwo.Alpha_CSA_Masked_NoneDirectional 
Material masterMaterialsTwo.C_S_N_E_animatedEmissive 
Material masterMaterialsTwo.FlowingWaterJuni2011 
Material masterMaterialsTwo.Generic_C_S_N_SSS_ReflSpecial 
Material masterMaterialsTwo.InteractiveFoliageWindMaster 
Material masterMaterialsTwo.Materials.ArchetectureMasterAnimatedPanner 
Material masterMaterialsTwo.Materials.glacierMaster 
Material masterMaterialsTwo.waterMasterSeptemberDynamicRefl 
Material SMARDirtCaves.Materials.DirtCaveMatA 
Material SMTPCaveCrystal.Materials.CaveCrystalMatA 
Material SMTPFoliage2014.Materials.FoliageMasterSimple2014 
Material TXCRCreatureMaterials.Materials.BlackCreatureEyeFakeSpec 
Material txfxsmoke.Materials.smokeC 
Material TXGITorches.Material.torchColor_Mat 
Material TXSDSkydome.Materials.CharCreationSkydomeMaster 
Material TXSDSkydome.Materials.SkydomeMaster 
Material TXTEMyrland.Materials.MyrlandTerrainMaster 
Material TXCHPlayer2014_Materials.Materials.M_SkinMaster_VertexColor 
Material TXCHPlayer2014_Materials.Materials.M_ArmorMaster_VertexColor 
